/home/anaeru/repositories/personal/scrapper-translate-classcenter/httrack-output/www.classcentral.com/move-item/index.html
/home/anaeru/repositories/personal/scrapper-translate-classcenter/httrack-output/www.classcentral.com/coordinator/index.html
/home/anaeru/repositories/personal/scrapper-translate-classcenter/httrack-output/www.classcentral.com/subject/journalism.html
/home/anaeru/repositories/personal/scrapper-translate-classcenter/httrack-output/www.classcentral.com/subject/malware-analysis.html
/home/anaeru/repositories/personal/scrapper-translate-classcenter/httrack-output/www.classcentral.com/subject/esl.html
/home/anaeru/repositories/personal/scrapper-translate-classcenter/httrack-output/www.classcentral.com/subject/agriculture.html
/home/anaeru/repositories/personal/scrapper-translate-classcenter/httrack-output/www.classcentral.com/subject/mathematical-logic.html
/home/anaeru/repositories/personal/scrapper-translate-classcenter/httrack-output/www.classcentral.com/subject/engineering.html
/home/anaeru/repositories/personal/scrapper-translate-classcenter/httrack-output/www.classcentral.com/subject/number-theory.html
/home/anaeru/repositories/personal/scrapper-translate-classcenter/httrack-output/www.classcentral.com/subject/health.html
/home/anaeru/repositories/personal/scrapper-translate-classcenter/httrack-output/www.classcentral.com/subject/entrepreneurship.html
/home/anaeru/repositories/personal/scrapper-translate-classcenter/httrack-output/www.classcentral.com/subject/biology.html
/home/anaeru/repositories/personal/scrapper-translate-classcenter/httrack-output/www.classcentral.com/subject/threat-intelligence.html
/home/anaeru/repositories/personal/scrapper-translate-classcenter/httrack-output/www.classcentral.com/subject/social-sciences.html
/home/anaeru/repositories/personal/scrapper-translate-classcenter/httrack-output/www.classcentral.com/subject/economics.html
/home/anaeru/repositories/personal/scrapper-translate-classcenter/httrack-output/www.classcentral.com/subject/cryptography.html
/home/anaeru/repositories/personal/scrapper-translate-classcenter/httrack-output/www.classcentral.com/subject/personal-development.html
/home/anaeru/repositories/personal/scrapper-translate-classcenter/httrack-output/www.classcentral.com/subject/cybersecurity.html
/home/anaeru/repositories/personal/scrapper-translate-classcenter/httrack-output/www.classcentral.com/subject/crisis-management.html
/home/anaeru/repositories/personal/scrapper-translate-classcenter/httrack-output/www.classcentral.com/subject/design-thinking.html
/home/anaeru/repositories/personal/scrapper-translate-classcenter/httrack-output/www.classcentral.com/subject/foundations-of-mathematics.html
/home/anaeru/repositories/personal/scrapper-translate-classcenter/httrack-output/www.classcentral.com/subject/human-rights.html
/home/anaeru/repositories/personal/scrapper-translate-classcenter/httrack-output/www.classcentral.com/subject/project-management.html
/home/anaeru/repositories/personal/scrapper-translate-classcenter/httrack-output/www.classcentral.com/subject/programming-and-software-development.html
/home/anaeru/repositories/personal/scrapper-translate-classcenter/httrack-output/www.classcentral.com/subject/law.html
/home/anaeru/repositories/personal/scrapper-translate-classcenter/httrack-output/www.classcentral.com/subject/strategic-management.html
/home/anaeru/repositories/personal/scrapper-translate-classcenter/httrack-output/www.classcentral.com/subject/higher-education.html
/home/anaeru/repositories/personal/scrapper-translate-classcenter/httrack-output/www.classcentral.com/subject/computer-graphics.html
/home/anaeru/repositories/personal/scrapper-translate-classcenter/httrack-output/www.classcentral.com/subject/nursing.html
/home/anaeru/repositories/personal/scrapper-translate-classcenter/httrack-output/www.classcentral.com/subject/sustainability.html
/home/anaeru/repositories/personal/scrapper-translate-classcenter/httrack-output/www.classcentral.com/subject/disease-and-disorders.html
/home/anaeru/repositories/personal/scrapper-translate-classcenter/httrack-output/www.classcentral.com/subject/bim.html
/home/anaeru/repositories/personal/scrapper-translate-classcenter/httrack-output/www.classcentral.com/subject/ethics.html
/home/anaeru/repositories/personal/scrapper-translate-classcenter/httrack-output/www.classcentral.com/subject/civil-engineering.html
/home/anaeru/repositories/personal/scrapper-translate-classcenter/httrack-output/www.classcentral.com/subject/accounting.html
/home/anaeru/repositories/personal/scrapper-translate-classcenter/httrack-output/www.classcentral.com/subject/political-science.html
/home/anaeru/repositories/personal/scrapper-translate-classcenter/httrack-output/www.classcentral.com/subject/internet-of-things.html
/home/anaeru/repositories/personal/scrapper-translate-classcenter/httrack-output/www.classcentral.com/subject/robotics.html
/home/anaeru/repositories/personal/scrapper-translate-classcenter/httrack-output/www.classcentral.com/subject/humanities.html
/home/anaeru/repositories/personal/scrapper-translate-classcenter/httrack-output/www.classcentral.com/subject/devsecops.html
/home/anaeru/repositories/personal/scrapper-translate-classcenter/httrack-output/www.classcentral.com/subject/software-development.html
/home/anaeru/repositories/personal/scrapper-translate-classcenter/httrack-output/www.classcentral.com/subject/blockchain.html
/home/anaeru/repositories/personal/scrapper-translate-classcenter/httrack-output/www.classcentral.com/subject/cloud-computing.html
/home/anaeru/repositories/personal/scrapper-translate-classcenter/httrack-output/www.classcentral.com/subject/sociology.html
/home/anaeru/repositories/personal/scrapper-translate-classcenter/httrack-output/www.classcentral.com/subject/pedagogy.html
/home/anaeru/repositories/personal/scrapper-translate-classcenter/httrack-output/www.classcentral.com/subject/anthropology.html
/home/anaeru/repositories/personal/scrapper-translate-classcenter/httrack-output/www.classcentral.com/subject/childhood-development.html
/home/anaeru/repositories/personal/scrapper-translate-classcenter/httrack-output/www.classcentral.com/subject/discrete-mathematics.html
/home/anaeru/repositories/personal/scrapper-translate-classcenter/httrack-output/www.classcentral.com/subject/art-and-design.html
/home/anaeru/repositories/personal/scrapper-translate-classcenter/httrack-output/www.classcentral.com/subject/reading.html
/home/anaeru/repositories/personal/scrapper-translate-classcenter/httrack-output/www.classcentral.com/subject/calculus.html
/home/anaeru/repositories/personal/scrapper-translate-classcenter/httrack-output/www.classcentral.com/subject/databases.html
/home/anaeru/repositories/personal/scrapper-translate-classcenter/httrack-output/www.classcentral.com/subject/marketing.html
/home/anaeru/repositories/personal/scrapper-translate-classcenter/httrack-output/www.classcentral.com/subject/health-care.html
/home/anaeru/repositories/personal/scrapper-translate-classcenter/httrack-output/www.classcentral.com/subject/innovation.html
/home/anaeru/repositories/personal/scrapper-translate-classcenter/httrack-output/www.classcentral.com/subject/mobile-development.html
/home/anaeru/repositories/personal/scrapper-translate-classcenter/httrack-output/www.classcentral.com/subject/pentesting.html
/home/anaeru/repositories/personal/scrapper-translate-classcenter/httrack-output/www.classcentral.com/subject/customer-service.html
/home/anaeru/repositories/personal/scrapper-translate-classcenter/httrack-output/www.classcentral.com/subject/precalculus.html
/home/anaeru/repositories/personal/scrapper-translate-classcenter/httrack-output/www.classcentral.com/subject/quantum-computing.html
/home/anaeru/repositories/personal/scrapper-translate-classcenter/httrack-output/www.classcentral.com/subject/education.html
/home/anaeru/repositories/personal/scrapper-translate-classcenter/httrack-output/www.classcentral.com/subject/communication-skills.html
/home/anaeru/repositories/personal/scrapper-translate-classcenter/httrack-output/www.classcentral.com/subject/religion.html
/home/anaeru/repositories/personal/scrapper-translate-classcenter/httrack-output/www.classcentral.com/subject/gis.html
/home/anaeru/repositories/personal/scrapper-translate-classcenter/httrack-output/www.classcentral.com/subject/digital-forensics.html
/home/anaeru/repositories/personal/scrapper-translate-classcenter/httrack-output/www.classcentral.com/subject/textiles.html
/home/anaeru/repositories/personal/scrapper-translate-classcenter/httrack-output/www.classcentral.com/subject/infosec-certifications.html
/home/anaeru/repositories/personal/scrapper-translate-classcenter/httrack-output/www.classcentral.com/subject/trigonometry.html
/home/anaeru/repositories/personal/scrapper-translate-classcenter/httrack-output/www.classcentral.com/subject/test-prep.html
/home/anaeru/repositories/personal/scrapper-translate-classcenter/httrack-output/www.classcentral.com/subject/maths.html
/home/anaeru/repositories/personal/scrapper-translate-classcenter/httrack-output/www.classcentral.com/subject/linguistics.html
/home/anaeru/repositories/personal/scrapper-translate-classcenter/httrack-output/www.classcentral.com/subject/k12.html
/home/anaeru/repositories/personal/scrapper-translate-classcenter/httrack-output/www.classcentral.com/subject/big-data.html
/home/anaeru/repositories/personal/scrapper-translate-classcenter/httrack-output/www.classcentral.com/subject/forensic-science.html
/home/anaeru/repositories/personal/scrapper-translate-classcenter/httrack-output/www.classcentral.com/subject/infosec.html
/home/anaeru/repositories/personal/scrapper-translate-classcenter/httrack-output/www.classcentral.com/subject/presentation-skills.html
/home/anaeru/repositories/personal/scrapper-translate-classcenter/httrack-output/www.classcentral.com/subject/devops.html
/home/anaeru/repositories/personal/scrapper-translate-classcenter/httrack-output/www.classcentral.com/subject/applied-science.html
/home/anaeru/repositories/personal/scrapper-translate-classcenter/httrack-output/www.classcentral.com/subject/urban-planning.html
/home/anaeru/repositories/personal/scrapper-translate-classcenter/httrack-output/www.classcentral.com/subject/food.html
/home/anaeru/repositories/personal/scrapper-translate-classcenter/httrack-output/www.classcentral.com/subject/industry-specific.html
/home/anaeru/repositories/personal/scrapper-translate-classcenter/httrack-output/www.classcentral.com/subject/teacher-development.html
/home/anaeru/repositories/personal/scrapper-translate-classcenter/httrack-output/www.classcentral.com/subject/game-development.html
/home/anaeru/repositories/personal/scrapper-translate-classcenter/httrack-output/www.classcentral.com/subject/stem.html
/home/anaeru/repositories/personal/scrapper-translate-classcenter/httrack-output/www.classcentral.com/subject/materials-science.html
/home/anaeru/repositories/personal/scrapper-translate-classcenter/httrack-output/www.classcentral.com/subject/psychology.html
/home/anaeru/repositories/personal/scrapper-translate-classcenter/httrack-output/www.classcentral.com/subject/finance.html
/home/anaeru/repositories/personal/scrapper-translate-classcenter/httrack-output/www.classcentral.com/subject/archaeology.html
/home/anaeru/repositories/personal/scrapper-translate-classcenter/httrack-output/www.classcentral.com/subject/jupyter.html
/home/anaeru/repositories/personal/scrapper-translate-classcenter/httrack-output/www.classcentral.com/subject/geometry.html
/home/anaeru/repositories/personal/scrapper-translate-classcenter/httrack-output/www.classcentral.com/subject/course-development.html
/home/anaeru/repositories/personal/scrapper-translate-classcenter/httrack-output/www.classcentral.com/subject/manufacturing.html
/home/anaeru/repositories/personal/scrapper-translate-classcenter/httrack-output/www.classcentral.com/subject/visual-arts.html
/home/anaeru/repositories/personal/scrapper-translate-classcenter/httrack-output/www.classcentral.com/subject/design-and-creativity.html
/home/anaeru/repositories/personal/scrapper-translate-classcenter/httrack-output/www.classcentral.com/subject/data-science.html
/home/anaeru/repositories/personal/scrapper-translate-classcenter/httrack-output/www.classcentral.com/subject/management-and-leadership.html
/home/anaeru/repositories/personal/scrapper-translate-classcenter/httrack-output/www.classcentral.com/subject/data-mining.html
/home/anaeru/repositories/personal/scrapper-translate-classcenter/httrack-output/www.classcentral.com/subject/risk-management.html
/home/anaeru/repositories/personal/scrapper-translate-classcenter/httrack-output/www.classcentral.com/subject/business.html
/home/anaeru/repositories/personal/scrapper-translate-classcenter/httrack-output/www.classcentral.com/subject/business-intelligence.html
/home/anaeru/repositories/personal/scrapper-translate-classcenter/httrack-output/www.classcentral.com/subject/ai.html
/home/anaeru/repositories/personal/scrapper-translate-classcenter/httrack-output/www.classcentral.com/subject/language-learning.html
/home/anaeru/repositories/personal/scrapper-translate-classcenter/httrack-output/www.classcentral.com/subject/blue-team.html
/home/anaeru/repositories/personal/scrapper-translate-classcenter/httrack-output/www.classcentral.com/subject/algebra.html
/home/anaeru/repositories/personal/scrapper-translate-classcenter/httrack-output/www.classcentral.com/subject/resilience.html
/home/anaeru/repositories/personal/scrapper-translate-classcenter/httrack-output/www.classcentral.com/subject/mechanical-engineering.html
/home/anaeru/repositories/personal/scrapper-translate-classcenter/httrack-output/www.classcentral.com/subject/statistics.html
/home/anaeru/repositories/personal/scrapper-translate-classcenter/httrack-output/www.classcentral.com/subject/self-improvement.html
/home/anaeru/repositories/personal/scrapper-translate-classcenter/httrack-output/www.classcentral.com/subject/machine-learning.html
/home/anaeru/repositories/personal/scrapper-translate-classcenter/httrack-output/www.classcentral.com/subject/music.html
/home/anaeru/repositories/personal/scrapper-translate-classcenter/httrack-output/www.classcentral.com/subject/bioinformatics.html
/home/anaeru/repositories/personal/scrapper-translate-classcenter/httrack-output/www.classcentral.com/subject/philosophy.html
/home/anaeru/repositories/personal/scrapper-translate-classcenter/httrack-output/www.classcentral.com/subject/nonprofit.html
/home/anaeru/repositories/personal/scrapper-translate-classcenter/httrack-output/www.classcentral.com/subject/business-software.html
/home/anaeru/repositories/personal/scrapper-translate-classcenter/httrack-output/www.classcentral.com/subject/web-development.html
/home/anaeru/repositories/personal/scrapper-translate-classcenter/httrack-output/www.classcentral.com/subject/library-science.html
/home/anaeru/repositories/personal/scrapper-translate-classcenter/httrack-output/www.classcentral.com/subject/reverse-engineering.html
/home/anaeru/repositories/personal/scrapper-translate-classcenter/httrack-output/www.classcentral.com/subject/deep-learning.html
/home/anaeru/repositories/personal/scrapper-translate-classcenter/httrack-output/www.classcentral.com/subject/chemical-engineering.html
/home/anaeru/repositories/personal/scrapper-translate-classcenter/httrack-output/www.classcentral.com/subject/operations-management.html
/home/anaeru/repositories/personal/scrapper-translate-classcenter/httrack-output/www.classcentral.com/subject/aerospace-engineering.html
/home/anaeru/repositories/personal/scrapper-translate-classcenter/httrack-output/www.classcentral.com/subject/sales.html
/home/anaeru/repositories/personal/scrapper-translate-classcenter/httrack-output/www.classcentral.com/subject/computer-networking.html
/home/anaeru/repositories/personal/scrapper-translate-classcenter/httrack-output/www.classcentral.com/subject/programming-languages.html
/home/anaeru/repositories/personal/scrapper-translate-classcenter/httrack-output/www.classcentral.com/subject/history.html
/home/anaeru/repositories/personal/scrapper-translate-classcenter/httrack-output/www.classcentral.com/subject/physics.html
/home/anaeru/repositories/personal/scrapper-translate-classcenter/httrack-output/www.classcentral.com/subject/chemistry.html
/home/anaeru/repositories/personal/scrapper-translate-classcenter/httrack-output/www.classcentral.com/subject/red-team.html
/home/anaeru/repositories/personal/scrapper-translate-classcenter/httrack-output/www.classcentral.com/subject/data-visualization.html
/home/anaeru/repositories/personal/scrapper-translate-classcenter/httrack-output/www.classcentral.com/subject/governance.html
/home/anaeru/repositories/personal/scrapper-translate-classcenter/httrack-output/www.classcentral.com/subject/cme.html
/home/anaeru/repositories/personal/scrapper-translate-classcenter/httrack-output/www.classcentral.com/subject/anatomy.html
/home/anaeru/repositories/personal/scrapper-translate-classcenter/httrack-output/www.classcentral.com/subject/data-analysis.html
/home/anaeru/repositories/personal/scrapper-translate-classcenter/httrack-output/www.classcentral.com/subject/cs.html
/home/anaeru/repositories/personal/scrapper-translate-classcenter/httrack-output/www.classcentral.com/subject/veterinary-science.html
/home/anaeru/repositories/personal/scrapper-translate-classcenter/httrack-output/www.classcentral.com/subject/distributed-systems.html
/home/anaeru/repositories/personal/scrapper-translate-classcenter/httrack-output/www.classcentral.com/subject/linear-programming.html
/home/anaeru/repositories/personal/scrapper-translate-classcenter/httrack-output/www.classcentral.com/subject/earth-science.html
/home/anaeru/repositories/personal/scrapper-translate-classcenter/httrack-output/www.classcentral.com/subject/information-technology.html
/home/anaeru/repositories/personal/scrapper-translate-classcenter/httrack-output/www.classcentral.com/subject/combinatorics.html
/home/anaeru/repositories/personal/scrapper-translate-classcenter/httrack-output/www.classcentral.com/subject/environmental-science.html
/home/anaeru/repositories/personal/scrapper-translate-classcenter/httrack-output/www.classcentral.com/subject/astronomy.html
/home/anaeru/repositories/personal/scrapper-translate-classcenter/httrack-output/www.classcentral.com/subject/literature.html
/home/anaeru/repositories/personal/scrapper-translate-classcenter/httrack-output/www.classcentral.com/subject/meteorology.html
/home/anaeru/repositories/personal/scrapper-translate-classcenter/httrack-output/www.classcentral.com/subject/csr.html
/home/anaeru/repositories/personal/scrapper-translate-classcenter/httrack-output/www.classcentral.com/subject/human-resources.html
/home/anaeru/repositories/personal/scrapper-translate-classcenter/httrack-output/www.classcentral.com/subject/nutrition-and-wellness.html
/home/anaeru/repositories/personal/scrapper-translate-classcenter/httrack-output/www.classcentral.com/subject/online-education.html
/home/anaeru/repositories/personal/scrapper-translate-classcenter/httrack-output/www.classcentral.com/subject/career-development.html
/home/anaeru/repositories/personal/scrapper-translate-classcenter/httrack-output/www.classcentral.com/subject/nanotechnology.html
/home/anaeru/repositories/personal/scrapper-translate-classcenter/httrack-output/www.classcentral.com/subject/public-health.html
/home/anaeru/repositories/personal/scrapper-translate-classcenter/httrack-output/www.classcentral.com/subject/culture.html
/home/anaeru/repositories/personal/scrapper-translate-classcenter/httrack-output/www.classcentral.com/subject/operating-systems.html
/home/anaeru/repositories/personal/scrapper-translate-classcenter/httrack-output/www.classcentral.com/subject/ethical-hacking.html
/home/anaeru/repositories/personal/scrapper-translate-classcenter/httrack-output/www.classcentral.com/subject/grammar-writing.html
/home/anaeru/repositories/personal/scrapper-translate-classcenter/httrack-output/www.classcentral.com/subject/electrical-engineering.html
/home/anaeru/repositories/personal/scrapper-translate-classcenter/httrack-output/www.classcentral.com/subject/cad.html
/home/anaeru/repositories/personal/scrapper-translate-classcenter/httrack-output/www.classcentral.com/subject/sports.html
/home/anaeru/repositories/personal/scrapper-translate-classcenter/httrack-output/www.classcentral.com/subject/network-security.html
/home/anaeru/repositories/personal/scrapper-translate-classcenter/httrack-output/www.classcentral.com/subject/algorithms-and-data-structures.html
/home/anaeru/repositories/personal/scrapper-translate-classcenter/httrack-output/www.classcentral.com/subject/hci.html
/home/anaeru/repositories/personal/scrapper-translate-classcenter/httrack-output/www.classcentral.com/subject/energy-systems.html
/home/anaeru/repositories/personal/scrapper-translate-classcenter/httrack-output/www.classcentral.com/subject/digital-media.html
/home/anaeru/repositories/personal/scrapper-translate-classcenter/httrack-output/www.classcentral.com/subject/science.html
/home/anaeru/repositories/personal/scrapper-translate-classcenter/httrack-output/www.classcentral.com/subject/osint.html
/home/anaeru/repositories/personal/scrapper-translate-classcenter/httrack-output/www.classcentral.com/subject/social-work.html
/home/anaeru/repositories/personal/scrapper-translate-classcenter/httrack-output/www.classcentral.com/signup.html
/home/anaeru/repositories/personal/scrapper-translate-classcenter/httrack-output/www.classcentral.com/starting-this-month.html
/home/anaeru/repositories/personal/scrapper-translate-classcenter/httrack-output/www.classcentral.com/universities.html
/home/anaeru/repositories/personal/scrapper-translate-classcenter/httrack-output/www.classcentral.com/index.html
/home/anaeru/repositories/personal/scrapper-translate-classcenter/httrack-output/www.classcentral.com/course/mindfulness-life-9078.html
/home/anaeru/repositories/personal/scrapper-translate-classcenter/httrack-output/www.classcentral.com/course/maththink-370.html
/home/anaeru/repositories/personal/scrapper-translate-classcenter/httrack-output/www.classcentral.com/course/independent-elements-of-ai-12469.html
/home/anaeru/repositories/personal/scrapper-translate-classcenter/httrack-output/www.classcentral.com/contact.html
/home/anaeru/repositories/personal/scrapper-translate-classcenter/httrack-output/www.classcentral.com/subjects.html
/home/anaeru/repositories/personal/scrapper-translate-classcenter/httrack-output/www.classcentral.com/new-online-courses/february-2023.html
/home/anaeru/repositories/personal/scrapper-translate-classcenter/httrack-output/www.classcentral.com/report/writing-free-online-courses/index.html
/home/anaeru/repositories/personal/scrapper-translate-classcenter/httrack-output/www.classcentral.com/report/free-google-certifications/index.html
/home/anaeru/repositories/personal/scrapper-translate-classcenter/httrack-output/www.classcentral.com/report/2022-year-in-review/index.html
/home/anaeru/repositories/personal/scrapper-translate-classcenter/httrack-output/www.classcentral.com/report/udemy-top-courses/index.html
/home/anaeru/repositories/personal/scrapper-translate-classcenter/httrack-output/www.classcentral.com/report/index.html
/home/anaeru/repositories/personal/scrapper-translate-classcenter/httrack-output/www.classcentral.com/report/edx-top-courses/index.html
/home/anaeru/repositories/personal/scrapper-translate-classcenter/httrack-output/www.classcentral.com/report/best-digital-art-courses/index.html
/home/anaeru/repositories/personal/scrapper-translate-classcenter/httrack-output/www.classcentral.com/report/coursera-top-courses/index.html
/home/anaeru/repositories/personal/scrapper-translate-classcenter/httrack-output/www.classcentral.com/report/most-popular-march-2023/index.html
/home/anaeru/repositories/personal/scrapper-translate-classcenter/httrack-output/www.classcentral.com/report/best-bookkeeping-courses/index.html
/home/anaeru/repositories/personal/scrapper-translate-classcenter/httrack-output/www.classcentral.com/report/coursera-google-new-deal/index.html
/home/anaeru/repositories/personal/scrapper-translate-classcenter/httrack-output/www.classcentral.com/report/best-elm-courses/index.html
/home/anaeru/repositories/personal/scrapper-translate-classcenter/httrack-output/www.classcentral.com/report/best-free-online-courses-2022/index.html
/home/anaeru/repositories/personal/scrapper-translate-classcenter/httrack-output/www.classcentral.com/report/emoocs-2023-cfp/index.html
/home/anaeru/repositories/personal/scrapper-translate-classcenter/httrack-output/www.classcentral.com/report/most-popular-courses-2023/index.html
/home/anaeru/repositories/personal/scrapper-translate-classcenter/httrack-output/www.classcentral.com/report/category/best-courses/index.html
/home/anaeru/repositories/personal/scrapper-translate-classcenter/httrack-output/www.classcentral.com/report/udemy-layoffs/index.html
/home/anaeru/repositories/personal/scrapper-translate-classcenter/httrack-output/www.classcentral.com/report/best-resume-writing-courses/index.html
/home/anaeru/repositories/personal/scrapper-translate-classcenter/httrack-output/www.classcentral.com/report/chinese-mooc-platforms/index.html
/home/anaeru/repositories/personal/scrapper-translate-classcenter/httrack-output/www.classcentral.com/report/futurelearn-price-hike-ceo-exit/index.html
/home/anaeru/repositories/personal/scrapper-translate-classcenter/httrack-output/www.classcentral.com/report/best-free-online-courses-2021/index.html
/home/anaeru/repositories/personal/scrapper-translate-classcenter/httrack-output/www.classcentral.com/report/online-learning-deals/index.html
/home/anaeru/repositories/personal/scrapper-translate-classcenter/httrack-output/www.classcentral.com/report/cs50-free-certificate/index.html
/home/anaeru/repositories/personal/scrapper-translate-classcenter/httrack-output/www.classcentral.com/report/open-university-insiders-perspective/index.html
/home/anaeru/repositories/personal/scrapper-translate-classcenter/httrack-output/www.classcentral.com/report/feed/index.html
/home/anaeru/repositories/personal/scrapper-translate-classcenter/httrack-output/www.classcentral.com/report/best-css-layout-courses/index.html
/home/anaeru/repositories/personal/scrapper-translate-classcenter/httrack-output/www.classcentral.com/report/free-certificates/index.html
/home/anaeru/repositories/personal/scrapper-translate-classcenter/httrack-output/www.classcentral.com/report/most-popular-online-courses/index.html
/home/anaeru/repositories/personal/scrapper-translate-classcenter/httrack-output/www.classcentral.com/report/review-from-waste-to-value/index.html
/home/anaeru/repositories/personal/scrapper-translate-classcenter/httrack-output/www.classcentral.com/report/most-popular-courses-2022/index.html
/home/anaeru/repositories/personal/scrapper-translate-classcenter/httrack-output/www.classcentral.com/report/linkedin-learning-free-learning-paths/index.html
/home/anaeru/repositories/personal/scrapper-translate-classcenter/httrack-output/www.classcentral.com/report/masterclass-layoffs-round-three/index.html
/home/anaeru/repositories/personal/scrapper-translate-classcenter/httrack-output/www.classcentral.com/report/coursera-free-online-courses/index.html
/home/anaeru/repositories/personal/scrapper-translate-classcenter/httrack-output/www.classcentral.com/report/mooc-based-masters-degree/index.html
/home/anaeru/repositories/personal/scrapper-translate-classcenter/httrack-output/www.classcentral.com/report/harvard-cs50-guide/index.html
/home/anaeru/repositories/personal/scrapper-translate-classcenter/httrack-output/www.classcentral.com/report/100-most-popular-online-courses-2021/index.html
/home/anaeru/repositories/personal/scrapper-translate-classcenter/httrack-output/www.classcentral.com/report/india-online-degrees/index.html
/home/anaeru/repositories/personal/scrapper-translate-classcenter/httrack-output/www.classcentral.com/report/list-of-mooc-based-microcredentials/index.html
/home/anaeru/repositories/personal/scrapper-translate-classcenter/httrack-output/www.classcentral.com/report/google-free-certificates/index.html
/home/anaeru/repositories/personal/scrapper-translate-classcenter/httrack-output/www.classcentral.com/report/author/heba/index.html
/home/anaeru/repositories/personal/scrapper-translate-classcenter/httrack-output/www.classcentral.com/report/author/ruima/index.html
/home/anaeru/repositories/personal/scrapper-translate-classcenter/httrack-output/www.classcentral.com/report/author/manoel/index.html
/home/anaeru/repositories/personal/scrapper-translate-classcenter/httrack-output/www.classcentral.com/report/author/dhawal/index.html
/home/anaeru/repositories/personal/scrapper-translate-classcenter/httrack-output/www.classcentral.com/report/class-central-ddos-attack/index.html
/home/anaeru/repositories/personal/scrapper-translate-classcenter/httrack-output/www.classcentral.com/report/most-cited-mooc-research/index.html
/home/anaeru/repositories/personal/scrapper-translate-classcenter/httrack-output/www.classcentral.com/about/privacy-policy.html
/home/anaeru/repositories/personal/scrapper-translate-classcenter/httrack-output/www.classcentral.com/about/careers.html
/home/anaeru/repositories/personal/scrapper-translate-classcenter/httrack-output/www.classcentral.com/collection/ivy-league-moocs/index.html
/home/anaeru/repositories/personal/scrapper-translate-classcenter/httrack-output/www.classcentral.com/collection/sustainability-online-courses.html
/home/anaeru/repositories/personal/scrapper-translate-classcenter/httrack-output/www.classcentral.com/collection/top-free-online-courses.html
/home/anaeru/repositories/personal/scrapper-translate-classcenter/httrack-output/www.classcentral.com/collection/ivy-league-moocs.html
/home/anaeru/repositories/personal/scrapper-translate-classcenter/httrack-output/www.classcentral.com/s/index.html
/home/anaeru/repositories/personal/scrapper-translate-classcenter/httrack-output/www.classcentral.com/collections.html
/home/anaeru/repositories/personal/scrapper-translate-classcenter/httrack-output/www.classcentral.com/cdn-cgi/l/email-protection.html
/home/anaeru/repositories/personal/scrapper-translate-classcenter/httrack-output/www.classcentral.com/maestro/course-reviews/index.html
/home/anaeru/repositories/personal/scrapper-translate-classcenter/httrack-output/www.classcentral.com/lists.html
/home/anaeru/repositories/personal/scrapper-translate-classcenter/httrack-output/www.classcentral.com/login.html
/home/anaeru/repositories/personal/scrapper-translate-classcenter/httrack-output/www.classcentral.com/about.html
/home/anaeru/repositories/personal/scrapper-translate-classcenter/httrack-output/www.classcentral.com/institution/microsoft.html
/home/anaeru/repositories/personal/scrapper-translate-classcenter/httrack-output/www.classcentral.com/institution/amazon.html
/home/anaeru/repositories/personal/scrapper-translate-classcenter/httrack-output/www.classcentral.com/institution/ibm.html
/home/anaeru/repositories/personal/scrapper-translate-classcenter/httrack-output/www.classcentral.com/institution/salesforce.html
/home/anaeru/repositories/personal/scrapper-translate-classcenter/httrack-output/www.classcentral.com/institution/smithsonian.html
/home/anaeru/repositories/personal/scrapper-translate-classcenter/httrack-output/www.classcentral.com/institution/linuxfoundation.html
/home/anaeru/repositories/personal/scrapper-translate-classcenter/httrack-output/www.classcentral.com/institution/british-council.html
/home/anaeru/repositories/personal/scrapper-translate-classcenter/httrack-output/www.classcentral.com/institution/google.html
/home/anaeru/repositories/personal/scrapper-translate-classcenter/httrack-output/www.classcentral.com/help.html
/home/anaeru/repositories/personal/scrapper-translate-classcenter/httrack-output/www.classcentral.com/delete-item/index.html
/home/anaeru/repositories/personal/scrapper-translate-classcenter/httrack-output/www.classcentral.com/help/moocs.html
/home/anaeru/repositories/personal/scrapper-translate-classcenter/httrack-output/www.classcentral.com/update-item/index.html
/home/anaeru/repositories/personal/scrapper-translate-classcenter/httrack-output/www.classcentral.com/rankings.html
/home/anaeru/repositories/personal/scrapper-translate-classcenter/httrack-output/www.classcentral.com/institutions.html
/home/anaeru/repositories/personal/scrapper-translate-classcenter/httrack-output/www.classcentral.com/providers.html
/home/anaeru/repositories/personal/scrapper-translate-classcenter/httrack-output/www.classcentral.com/provider/swayam.html
/home/anaeru/repositories/personal/scrapper-translate-classcenter/httrack-output/www.classcentral.com/provider/linkedin-learning.html
/home/anaeru/repositories/personal/scrapper-translate-classcenter/httrack-output/www.classcentral.com/provider/skillshare.html
/home/anaeru/repositories/personal/scrapper-translate-classcenter/httrack-output/www.classcentral.com/provider/unccelearn.html
/home/anaeru/repositories/personal/scrapper-translate-classcenter/httrack-output/www.classcentral.com/provider/coursera.html
/home/anaeru/repositories/personal/scrapper-translate-classcenter/httrack-output/www.classcentral.com/provider/udacity.html
/home/anaeru/repositories/personal/scrapper-translate-classcenter/httrack-output/www.classcentral.com/provider/edx.html
/home/anaeru/repositories/personal/scrapper-translate-classcenter/httrack-output/www.classcentral.com/provider/udemy.html
/home/anaeru/repositories/personal/scrapper-translate-classcenter/httrack-output/www.classcentral.com/provider/futurelearn.html
/home/anaeru/repositories/personal/scrapper-translate-classcenter/httrack-output/www.classcentral.com/enrollee-list/update-item-progress/index.html
/home/anaeru/repositories/personal/scrapper-translate-classcenter/httrack-output/www.classcentral.com/university/iitm.html
/home/anaeru/repositories/personal/scrapper-translate-classcenter/httrack-output/www.classcentral.com/university/purdue.html
/home/anaeru/repositories/personal/scrapper-translate-classcenter/httrack-output/www.classcentral.com/university/mit.html
/home/anaeru/repositories/personal/scrapper-translate-classcenter/httrack-output/www.classcentral.com/university/stanford.html
/home/anaeru/repositories/personal/scrapper-translate-classcenter/httrack-output/www.classcentral.com/university/gatech.html
/home/anaeru/repositories/personal/scrapper-translate-classcenter/httrack-output/www.classcentral.com/university/penn.html
/home/anaeru/repositories/personal/scrapper-translate-classcenter/httrack-output/www.classcentral.com/university/iit-kharagpur.html
/home/anaeru/repositories/personal/scrapper-translate-classcenter/httrack-output/www.classcentral.com/university/rice.html
/home/anaeru/repositories/personal/scrapper-translate-classcenter/httrack-output/www.classcentral.com/university/cornell.html
/home/anaeru/repositories/personal/scrapper-translate-classcenter/httrack-output/www.classcentral.com/university/edinburgh.html
/home/anaeru/repositories/personal/scrapper-translate-classcenter/httrack-output/www.classcentral.com/university/duke.html
/home/anaeru/repositories/personal/scrapper-translate-classcenter/httrack-output/www.classcentral.com/university/harvard.html
/home/anaeru/repositories/personal/scrapper-translate-classcenter/httrack-output/www.classcentral.com/university/columbia.html
/home/anaeru/repositories/personal/scrapper-translate-classcenter/httrack-output/www.classcentral.com/university/umich.html
