266: DeferImages
577: Nav
775: SelectDate
1623: Notifications
1701: CatalogCuratedContent
1888: Auth
1896: Modal
1918: Account
2165: MainNavDropdown
2344: reviews-Pagination
2427: Bookmarks
2571: Classroom
2941: StudyGroups
3171: AffiliateNoticeModal
3377: Filters
3438: lists-resetScrollPosition
3882: Radio
4288: Search
4906: TruncateArea
5097: Profile
5191: WriteReview
5548: MailCheck
5823: UserHandle
6037: Pagination
6039: InternalLinks
6058: Overlay
6126: Trailer
6192: UserActions
6352: ListsView
6458: Social
6529: CourseMobileFloatingCta
6592: Misc
6637: HelpModal
6753: Reviews
6801: StaffTools
7013: ListsAddExternal
7053: Onboarding
7484: messages-intl-icu-en-yml
7486: reviews-Feedback
7536: ProfileAvatar
7655: CatalogIframes
7933: lists-editor-itemToApiView
7947: LocalizationPrompt
8462: Tour
8535: Follow
8550: CollapsableSection
8664: Tabs
8883: CourseTabs
9320: reviews-SelectRating
9992: MarkComplete
